<?xml version="1.0" encoding="UTF-8"?>
<!-- Generated by org.testng.reporters.JUnitXMLReporter -->
<testsuite ignored="0" hostname="Thanku" failures="3" tests="3" name="Test" time="17.274" errors="0" timestamp="2023-11-03T10:49:45 IST">
  <testcase classname="login.DWS_Jewelry_08_Test" name="emailaFriendandCheckErrorMessage" time="0.741">
    <failure type="java.lang.NullPointerException" message="Cannot invoke &amp;quot;com.aventstack.extentreports.ExtentTest.log(com.aventstack.extentreports.Status, String)&amp;quot; because &amp;quot;login.DWS_Jewelry_08_Test.logger&amp;quot; is null">
      <![CDATA[java.lang.NullPointerException: Cannot invoke "com.aventstack.extentreports.ExtentTest.log(com.aventstack.extentreports.Status, String)" because "login.DWS_Jewelry_08_Test.logger" is null
at login.DWS_Jewelry_08_Test.emailaFriendandCheckErrorMessage(DWS_Jewelry_08_Test.java:19)
at java.base/java.util.ArrayList.forEach(ArrayList.java:1511)
... Removed 27 stack frames]]>
    </failure>
  </testcase> <!-- emailaFriendandCheckErrorMessage -->
  <testcase classname="login.DWS_Login_01_Test" name="Login_to_application_with_valid_credentials" time="2.064">
    <failure type="java.lang.NullPointerException" message="Cannot invoke &amp;quot;com.aventstack.extentreports.ExtentTest.log(com.aventstack.extentreports.Status, String)&amp;quot; because &amp;quot;login.DWS_Login_01_Test.logger&amp;quot; is null">
      <![CDATA[java.lang.NullPointerException: Cannot invoke "com.aventstack.extentreports.ExtentTest.log(com.aventstack.extentreports.Status, String)" because "login.DWS_Login_01_Test.logger" is null
at login.DWS_Login_01_Test.Login_to_application_with_valid_credentials(DWS_Login_01_Test.java:15)
at java.base/java.util.ArrayList.forEach(ArrayList.java:1511)
... Removed 27 stack frames]]>
    </failure>
  </testcase> <!-- Login_to_application_with_valid_credentials -->
  <testcase classname="login.DWS_Register_02_Test" name="userRegisteration" time="0.559">
    <failure type="java.lang.NullPointerException" message="Cannot invoke &amp;quot;com.aventstack.extentreports.ExtentTest.log(com.aventstack.extentreports.Status, String)&amp;quot; because &amp;quot;login.DWS_Register_02_Test.logger&amp;quot; is null">
      <![CDATA[java.lang.NullPointerException: Cannot invoke "com.aventstack.extentreports.ExtentTest.log(com.aventstack.extentreports.Status, String)" because "login.DWS_Register_02_Test.logger" is null
at login.DWS_Register_02_Test.userRegisteration(DWS_Register_02_Test.java:15)
at java.base/java.util.ArrayList.forEach(ArrayList.java:1511)
... Removed 27 stack frames]]>
    </failure>
  </testcase> <!-- userRegisteration -->
</testsuite> <!-- Test -->
